
Showing logs for build [32mcb-kubecd-environment-pr-195-34-6j4wj-1[0m stage [32mfrom-build-pack[0m and container [32mstep-credential-initializer-8xkbr[0m
{"level":"warn","ts":1586241602.9995325,"logger":"fallback-logger","caller":"logging/config.go:69","msg":"Fetch GitHub commit ID from kodata failed: \"ref: refs/heads/0.8.0-**-support-backwards-incompats\" is not a valid GitHub commit ID"}
{"level":"info","ts":1586241603.0001013,"logger":"fallback-logger","caller":"creds-init/main.go:40","msg":"Credentials initialized."}

Showing logs for build [32mcb-kubecd-environment-pr-195-34-6j4wj-1[0m stage [32mfrom-build-pack[0m and container [32mstep-working-dir-initializer-pzfww[0m
{"level":"warn","ts":1586241603.998572,"logger":"fallback-logger","caller":"logging/config.go:69","msg":"Fetch GitHub commit ID from kodata failed: open /var/run/ko/HEAD: no such file or directory"}
{"level":"info","ts":1586241604.000922,"logger":"fallback-logger","caller":"bash/main.go:64","msg":"Successfully executed command \"sh -c mkdir -p /workspace/source\"; output "}

Showing logs for build [32mcb-kubecd-environment-pr-195-34-6j4wj-1[0m stage [32mfrom-build-pack[0m and container [32mstep-place-tools[0m

Showing logs for build [32mcb-kubecd-environment-pr-195-34-6j4wj-1[0m stage [32mfrom-build-pack[0m and container [32mstep-git-source-cb-kubecd-environment-pr-195-34-6j4wj-l286j[0m
{"level":"warn","ts":1586241607.1237032,"logger":"fallback-logger","caller":"logging/config.go:69","msg":"Fetch GitHub commit ID from kodata failed: \"ref: refs/heads/0.8.0-**-support-backwards-incompats\" is not a valid GitHub commit ID"}
{"level":"info","ts":1586241608.119251,"logger":"fallback-logger","caller":"git/git.go:103","msg":"Successfully cloned https://github.com/cb-kubecd/environment-pr-195-34-boot-gke-production.git @ master in path /workspace/source"}

Showing logs for build [32mcb-kubecd-environment-pr-195-34-6j4wj-1[0m stage [32mfrom-build-pack[0m and container [32mstep-git-merge[0m
Using SHAs from PULL_REFS=master:a837728d8c37bed1b6fd0ba633c2e32a54c5d8cd,1:7f917d606d8439152ddfee9b77216fde98e829ac
DEBUG: LC_ALL=C JX_LOG_LEVEL=error git fetch origin --unshallow 7f917d606d8439152ddfee9b77216fde98e829ac: a837728d8c37bed1b6fd0ba633c2e32a54c5d8cd:
DEBUG: ran git fetch --unshallow origin 7f917d606d8439152ddfee9b77216fde98e829ac: a837728d8c37bed1b6fd0ba633c2e32a54c5d8cd: in 
DEBUG: LC_ALL=C JX_LOG_LEVEL=error git branch
DEBUG: JX_LOG_LEVEL=error LC_ALL=C git checkout master
DEBUG: ran git checkout master in 
DEBUG: JX_LOG_LEVEL=error LC_ALL=C git reset --hard a837728d8c37bed1b6fd0ba633c2e32a54c5d8cd
DEBUG: ran git reset --hard a837728d8c37bed1b6fd0ba633c2e32a54c5d8cd in 
DEBUG: LC_ALL=C JX_LOG_LEVEL=error git clean -fd .
DEBUG: ran clean --force -d . in 
DEBUG: LC_ALL=C JX_LOG_LEVEL=error git merge 7f917d606d8439152ddfee9b77216fde98e829ac
DEBUG: ran git merge 7f917d606d8439152ddfee9b77216fde98e829ac in 
DEBUG: LC_ALL=C JX_LOG_LEVEL=error git log --format=%H%x1f%an%x1f%ae%x1f%cn%x1f%ce%x1f%s%n%b%x1e a837728d8c37bed1b6fd0ba633c2e32a54c5d8cd..HEAD
Merged SHA 7f917d606d8439152ddfee9b77216fde98e829ac with commit message 'chore: Promote bdd-spring-1586240763 to version 0.0.1' into base branch master

Showing logs for build [32mcb-kubecd-environment-pr-195-34-6j4wj-1[0m stage [32mfrom-build-pack[0m and container [32mstep-build-helm-build[0m
WARNING: No $CHART_REPOSITORY defined so using the default value of: http://jenkins-x-chartmuseum:8080
Adding missing Helm repo: storage.googleapis.com https://storage.googleapis.com/chartmuseum.jenkins-x.io
WARNING: No secrets found on "helm/repos" due: reading the secret "helm/repos" from vault: no secret "helm/repos" not found in vault
Read credentials for https://storage.googleapis.com/chartmuseum.jenkins-x.io from vault helm/repos
Successfully added Helm repository storage.googleapis.com.
Adding missing Helm repo: jenkins-x-chartmuseum http://jenkins-x-chartmuseum:8080
WARNING: No secrets found on "helm/repos" due: reading the secret "helm/repos" from vault: no secret "helm/repos" not found in vault
Read credentials for http://jenkins-x-chartmuseum:8080 from vault helm/repos
Successfully added Helm repository jenkins-x-chartmuseum.
WARNING: No $CHART_REPOSITORY defined so using the default value of: http://jenkins-x-chartmuseum:8080
Adding missing Helm repo: chartmuseum.jenkins-x.io http://chartmuseum.jenkins-x.io
WARNING: No secrets found on "helm/repos" due: reading the secret "helm/repos" from vault: no secret "helm/repos" not found in vault
Read credentials for http://chartmuseum.jenkins-x.io from vault helm/repos
Successfully added Helm repository chartmuseum.jenkins-x.io.
